<?xml version="1.0" encoding="UTF-8"?>
<testng-results skipped="0" failed="0" ignored="0" total="3" passed="3">
  <reporter-output>
  </reporter-output>
  <suite name="Default suite" duration-ms="55246" started-at="2023-07-10T07:59:42Z" finished-at="2023-07-10T08:00:37Z">
    <groups>
    </groups>
    <test name="Default test" duration-ms="55246" started-at="2023-07-10T07:59:42Z" finished-at="2023-07-10T08:00:37Z">
      <class name="MavenProject.BookAppointment">
        <test-method status="PASS" signature="setup()[pri:0, instance:MavenProject.BookAppointment@56235b8e]" name="setup" is-config="true" duration-ms="7647" started-at="2023-07-10T07:59:42Z" finished-at="2023-07-10T07:59:50Z">
          <reporter-output>
          </reporter-output>
        </test-method> <!-- setup -->
        <test-method status="PASS" signature="launchUrl()[pri:1, instance:MavenProject.BookAppointment@56235b8e]" name="launchUrl" duration-ms="10540" started-at="2023-07-10T07:59:50Z" description="Launch OpenMRS url and Login into App" finished-at="2023-07-10T08:00:00Z">
          <reporter-output>
          </reporter-output>
        </test-method> <!-- launchUrl -->
        <test-method status="PASS" signature="selectRegisterPatient()[pri:2, instance:MavenProject.BookAppointment@56235b8e]" name="selectRegisterPatient" duration-ms="23840" started-at="2023-07-10T08:00:00Z" description="Search Register Patient Option" finished-at="2023-07-10T08:00:24Z">
          <reporter-output>
          </reporter-output>
        </test-method> <!-- selectRegisterPatient -->
        <test-method status="PASS" signature="bookAppointment()[pri:3, instance:MavenProject.BookAppointment@56235b8e]" name="bookAppointment" duration-ms="13165" started-at="2023-07-10T08:00:24Z" description="Book Appointmet of the searched patient" finished-at="2023-07-10T08:00:37Z">
          <reporter-output>
          </reporter-output>
        </test-method> <!-- bookAppointment -->
      </class> <!-- MavenProject.BookAppointment -->
    </test> <!-- Default test -->
  </suite> <!-- Default suite -->
</testng-results>
