<?xml version="1.0" encoding="UTF-8"?>
<!-- Generated by org.testng.reporters.JUnitXMLReporter -->
<testsuite hostname="Loard" ignored="0" name="Default test" tests="3" failures="0" timestamp="10 Jul 2023 08:00:37 GMT" time="55.246" errors="0">
  <testcase name="launchUrl" time="10.54" classname="MavenProject.BookAppointment"/>
  <testcase name="selectRegisterPatient" time="23.84" classname="MavenProject.BookAppointment"/>
  <testcase name="bookAppointment" time="13.165" classname="MavenProject.BookAppointment"/>
</testsuite> <!-- Default test -->
